<?xml version="1.0" encoding="UTF-8"?>
<!-- Generated by org.testng.reporters.JUnitXMLReporter -->
<testsuite ignored="0" hostname="APPAN-PC" failures="0" tests="4" name="Default test" time="49.409" errors="0" timestamp="2023-10-27T20:40:31 IST">
  <testcase classname="com.qa.testathon.ProductPriceComparisonAndCheckoutTest" name="getProducts" time="1.505"/>
  <testcase classname="com.qa.testathon.ProductPriceComparisonAndCheckoutTest" name="pickRandomProductFromApiResponse" time="0.001"/>
  <testcase classname="com.qa.testathon.ProductPriceComparisonAndCheckoutTest" name="searchProduct" time="8.515"/>
  <testcase classname="com.qa.testathon.ProductPriceComparisonAndCheckoutTest" name="comparePriceAndCheckout" time="13.193"/>
</testsuite> <!-- Default test -->
