<?xml version="1.0" encoding="UTF-8"?>
<!-- Generated by org.testng.reporters.JUnitXMLReporter -->
<testsuite ignored="0" hostname="APPAN-PC" failures="1" tests="4" name="Testathon2023_Edge" time="9.746" errors="0" timestamp="2023-10-27T19:29:06 IST">
  <testcase classname="com.qa.testathon.ProductPriceComparisonAndCheckoutTest" name="getProducts" time="0.143"/>
  <testcase classname="com.qa.testathon.ProductPriceComparisonAndCheckoutTest" name="pickRandomProductFromApiResponse" time="0.002"/>
  <testcase classname="com.qa.testathon.ProductPriceComparisonAndCheckoutTest" name="comparePriceAndCheckout" time="0.0">
    <failure type="java.lang.NullPointerException" message="Cannot invoke &amp;quot;org.openqa.selenium.WebDriver.getWindowHandles()&amp;quot; because &amp;quot;this.driver&amp;quot; is null">
      <![CDATA[java.lang.NullPointerException: Cannot invoke "org.openqa.selenium.WebDriver.getWindowHandles()" because "this.driver" is null
at com.qa.testathon.ProductPriceComparisonAndCheckoutTest.comparePriceAndCheckout(ProductPriceComparisonAndCheckoutTest.java:119)
at java.base/java.util.ArrayList.forEach(ArrayList.java:1511)
... Removed 27 stack frames]]>
    </failure>
  </testcase> <!-- comparePriceAndCheckout -->
  <testcase classname="com.qa.testathon.ProductPriceComparisonAndCheckoutTest" name="searchProduct" time="9.595"/>
</testsuite> <!-- Testathon2023_Edge -->
